Attempting to get a license: ap_opencl
Feature available: ap_opencl
INFO: [XOCC 60-1306] Additional information associated with this xocc compile can be found at:
	Reports: /curr/jiajieli/app_halide2heterocl/stencil/_x/reports/stencil.hw
	Log files: /curr/jiajieli/app_halide2heterocl/stencil/_x/logs/stencil.hw
INFO: [XOCC 60-585] Compiling for hardware target
INFO: [XOCC 60-1316] Initiating connection to rulecheck server, at Tue Aug  6 11:50:14 2019
INFO: [XOCC 60-1315] Creating rulecheck session with output '/curr/jiajieli/app_halide2heterocl/stencil/_x/reports/stencil.hw/xocc_compile_stencil.hw_guidance.html', at Tue Aug  6 11:50:16 2019
INFO: [XOCC 60-895]   Target platform: /opt/xilinx/platforms/xilinx_u200_qdma_201910_1/xilinx_u200_qdma_201910_1.xpfm
INFO: [XOCC 60-423]   Target device: xilinx_u200_qdma_201910_1
INFO: [XOCC 60-242] Creating kernel: 'default_function_kernel'

===>The following messages were generated while  performing high-level synthesis for kernel: default_function_kernel Log file: /curr/jiajieli/app_halide2heterocl/stencil/_x/stencil.hw/default_function_kernel/vivado_hls.log :
INFO: [XOCC 204-61] Option 'relax_ii_for_timing' is enabled, will increase II to preserve clock frequency constraints.
INFO: [XOCC 204-61] Pipelining loop 'load_epoch'.
INFO: [XOCC 204-61] Pipelining result : Target II = 1, Final II = 1, Depth = 3.
INFO: [XOCC 204-61] Pipelining loop 'module_0_epoch'.
INFO: [XOCC 204-61] Pipelining result : Target II = 4, Final II = 4, Depth = 5.
INFO: [XOCC 204-61] Pipelining loop 'module_1_epoch'.
INFO: [XOCC 204-61] Pipelining result : Target II = 1, Final II = 1, Depth = 2.
INFO: [XOCC 204-61] Pipelining loop 'module_1_epoch'.
INFO: [XOCC 204-61] Pipelining result : Target II = 1, Final II = 1, Depth = 2.
INFO: [XOCC 204-61] Pipelining loop 'module_1_epoch'.
INFO: [XOCC 204-61] Pipelining result : Target II = 1, Final II = 1, Depth = 2.
INFO: [XOCC 204-61] Pipelining loop 'module_1_epoch'.
INFO: [XOCC 204-61] Pipelining result : Target II = 1, Final II = 1, Depth = 2.
INFO: [XOCC 204-61] Pipelining loop 'module_1_epoch'.
INFO: [XOCC 204-61] Pipelining result : Target II = 1, Final II = 1, Depth = 2.
INFO: [XOCC 204-61] Pipelining loop 'module_1_epoch'.
INFO: [XOCC 204-61] Pipelining result : Target II = 1, Final II = 1, Depth = 2.
INFO: [XOCC 204-61] Pipelining loop 'module_1_epoch'.
INFO: [XOCC 204-61] Pipelining result : Target II = 1, Final II = 1, Depth = 2.
INFO: [XOCC 204-61] Pipelining loop 'module_1_epoch'.
INFO: [XOCC 204-61] Pipelining result : Target II = 1, Final II = 1, Depth = 2.
INFO: [XOCC 204-61] Pipelining loop 'module_2_epoch'.
INFO: [XOCC 204-61] Pipelining result : Target II = 1, Final II = 1, Depth = 2.
INFO: [XOCC 204-61] Pipelining loop 'module_3_epoch'.
INFO: [XOCC 204-61] Pipelining result : Target II = 1, Final II = 1, Depth = 2.
INFO: [XOCC 204-61] Pipelining loop 'module_4_epoch'.
INFO: [XOCC 204-61] Pipelining result : Target II = 1, Final II = 1, Depth = 2.
INFO: [XOCC 204-61] Pipelining loop 'module_5_epoch'.
INFO: [XOCC 204-61] Pipelining result : Target II = 1, Final II = 1, Depth = 2.
INFO: [XOCC 204-61] Pipelining loop 'module_6_epoch'.
INFO: [XOCC 204-61] Pipelining result : Target II = 1, Final II = 1, Depth = 2.
INFO: [XOCC 204-61] Pipelining loop 'module_7_epoch'.
INFO: [XOCC 204-61] Pipelining result : Target II = 1, Final II = 1, Depth = 2.
INFO: [XOCC 204-61] Pipelining loop 'module_8_epoch'.
INFO: [XOCC 204-61] Pipelining result : Target II = 1, Final II = 1, Depth = 2.
INFO: [XOCC 204-61] Pipelining loop 'module_9_epoch'.
INFO: [XOCC 204-61] Pipelining result : Target II = 1, Final II = 1, Depth = 2.
INFO: [XOCC 204-61] Pipelining loop 'module_10_epoch'.
INFO: [XOCC 204-61] Pipelining result : Target II = 1, Final II = 1, Depth = 2.
INFO: [XOCC 204-61] Pipelining loop 'module_11_epoch'.
INFO: [XOCC 204-61] Pipelining result : Target II = 1, Final II = 1, Depth = 2.
INFO: [XOCC 204-61] Pipelining loop 'module_12_epoch'.
INFO: [XOCC 204-61] Pipelining result : Target II = 1, Final II = 1, Depth = 2.
INFO: [XOCC 204-61] Pipelining loop 'module_13_epoch'.
INFO: [XOCC 204-61] Pipelining result : Target II = 1, Final II = 1, Depth = 2.
INFO: [XOCC 204-61] Pipelining loop 'module_6_epoch'.
INFO: [XOCC 204-61] Pipelining result : Target II = 1, Final II = 1, Depth = 2.
INFO: [XOCC 204-61] Pipelining loop 'module_7_epoch'.
INFO: [XOCC 204-61] Pipelining result : Target II = 1, Final II = 1, Depth = 2.
INFO: [XOCC 204-61] Pipelining loop 'module_8_epoch'.
INFO: [XOCC 204-61] Pipelining result : Target II = 1, Final II = 1, Depth = 2.
INFO: [XOCC 204-61] Pipelining loop 'module_9_epoch'.
INFO: [XOCC 204-61] Pipelining result : Target II = 1, Final II = 1, Depth = 2.
INFO: [XOCC 204-61] Pipelining loop 'module_10_epoch'.
INFO: [XOCC 204-61] Pipelining result : Target II = 1, Final II = 1, Depth = 2.
INFO: [XOCC 204-61] Pipelining loop 'module_11_epoch'.
INFO: [XOCC 204-61] Pipelining result : Target II = 1, Final II = 1, Depth = 2.
INFO: [XOCC 204-61] Pipelining loop 'module_12_epoch'.
INFO: [XOCC 204-61] Pipelining result : Target II = 1, Final II = 1, Depth = 2.
INFO: [XOCC 204-61] Pipelining loop 'module_13_epoch'.
INFO: [XOCC 204-61] Pipelining result : Target II = 1, Final II = 1, Depth = 2.
INFO: [XOCC 204-61] Pipelining loop 'module_6_epoch'.
INFO: [XOCC 204-61] Pipelining result : Target II = 1, Final II = 1, Depth = 2.
INFO: [XOCC 204-61] Pipelining loop 'module_7_epoch'.
INFO: [XOCC 204-61] Pipelining result : Target II = 1, Final II = 1, Depth = 2.
INFO: [XOCC 204-61] Pipelining loop 'module_8_epoch'.
INFO: [XOCC 204-61] Pipelining result : Target II = 1, Final II = 1, Depth = 2.
INFO: [XOCC 204-61] Pipelining loop 'module_9_epoch'.
INFO: [XOCC 204-61] Pipelining result : Target II = 1, Final II = 1, Depth = 2.
INFO: [XOCC 204-61] Pipelining loop 'module_10_epoch'.
INFO: [XOCC 204-61] Pipelining result : Target II = 1, Final II = 1, Depth = 2.
INFO: [XOCC 204-61] Pipelining loop 'module_11_epoch'.
INFO: [XOCC 204-61] Pipelining result : Target II = 1, Final II = 1, Depth = 2.
INFO: [XOCC 204-61] Pipelining loop 'module_12_epoch'.
INFO: [XOCC 204-61] Pipelining result : Target II = 1, Final II = 1, Depth = 2.
INFO: [XOCC 204-61] Pipelining loop 'module_13_epoch'.
INFO: [XOCC 204-61] Pipelining result : Target II = 1, Final II = 1, Depth = 2.
INFO: [XOCC 204-61] Pipelining loop 'module_6_epoch'.
INFO: [XOCC 204-61] Pipelining result : Target II = 1, Final II = 1, Depth = 2.
INFO: [XOCC 204-61] Pipelining loop 'module_7_epoch'.
INFO: [XOCC 204-61] Pipelining result : Target II = 1, Final II = 1, Depth = 2.
INFO: [XOCC 204-61] Pipelining loop 'module_8_epoch'.
INFO: [XOCC 204-61] Pipelining result : Target II = 1, Final II = 1, Depth = 2.
INFO: [XOCC 204-61] Pipelining loop 'module_9_epoch'.
INFO: [XOCC 204-61] Pipelining result : Target II = 1, Final II = 1, Depth = 2.
INFO: [XOCC 204-61] Pipelining loop 'module_10_epoch'.
INFO: [XOCC 204-61] Pipelining result : Target II = 1, Final II = 1, Depth = 2.
INFO: [XOCC 204-61] Pipelining loop 'module_11_epoch'.
INFO: [XOCC 204-61] Pipelining result : Target II = 1, Final II = 1, Depth = 2.
INFO: [XOCC 204-61] Pipelining loop 'module_12_epoch'.
INFO: [XOCC 204-61] Pipelining result : Target II = 1, Final II = 1, Depth = 2.
INFO: [XOCC 204-61] Pipelining loop 'module_13_epoch'.
INFO: [XOCC 204-61] Pipelining result : Target II = 1, Final II = 1, Depth = 2.
INFO: [XOCC 204-61] Pipelining loop 'module_7_epoch'.
INFO: [XOCC 204-61] Pipelining result : Target II = 1, Final II = 1, Depth = 2.
INFO: [XOCC 204-61] Pipelining loop 'module_14_epoch'.
INFO: [XOCC 204-61] Pipelining result : Target II = 1, Final II = 1, Depth = 7.
INFO: [XOCC 204-61] Pipelining loop 'module_2_epoch'.
INFO: [XOCC 204-61] Pipelining result : Target II = 1, Final II = 1, Depth = 2.
INFO: [XOCC 204-61] Pipelining loop 'module_6_epoch'.
INFO: [XOCC 17-14] Message 'XOCC 204-61' appears 100 times and further instances of the messages will be disabled.
INFO: [XOCC 60-594] Finished kernel compilation
INFO: [XOCC 60-244] Generating system estimate report...
INFO: [XOCC 60-1092] Generated system estimate report: /curr/jiajieli/app_halide2heterocl/stencil/_x/reports/stencil.hw/system_estimate_stencil.hw.xtxt
INFO: [XOCC 60-586] Created stencil.hw.xo
INFO: [XOCC 60-791] Total elapsed time: 0h 13m 8s
